<?xml version="1.0" encoding="UTF-8"?>
<!-- Generated by org.testng.reporters.JUnitReportReporter -->
<testsuite skipped="0" hostname="SYNPS4160161" name="com.learning.maven.myatosSyntel.LoginTest" tests="2" failures="0" timestamp="11 Feb 2019 15:52:32 GMT" time="24.469" errors="0">
  <testcase name="Loginpagetitletest" time="15.464" classname="com.learning.maven.myatosSyntel.LoginTest"/>
  <testcase name="LogintoSyntel" time="9.005" classname="com.learning.maven.myatosSyntel.LoginTest"/>
</testsuite> <!-- com.learning.maven.myatosSyntel.LoginTest -->
