<?xml version="1.0" encoding="UTF-8"?>
<!-- Generated by org.testng.reporters.JUnitReportReporter -->
<testsuite skipped="0" hostname="SYNPS4160161" name="com.learning.maven.myatosSyntel.DriverSetup" tests="1" failures="0" timestamp="31 Jan 2019 10:13:51 GMT" time="17.623" errors="0">
  <testcase name="Setup" time="17.623" classname="com.learning.maven.myatosSyntel.DriverSetup"/>
</testsuite> <!-- com.learning.maven.myatosSyntel.DriverSetup -->
