<?xml version="1.0" encoding="UTF-8"?>
<!-- Generated by org.testng.reporters.JUnitReportReporter -->
<testsuite skipped="1" hostname="SYNPS4160161" name="com.learning.maven.myatosSyntel.HomeTest" tests="2" failures="0" timestamp="11 Feb 2019 15:53:48 GMT" time="18.535" errors="0">
  <testcase name="exceldataprint" time="8.255" classname="com.learning.maven.myatosSyntel.HomeTest">
    <skipped/>
  </testcase> <!-- exceldataprint -->
  <testcase name="verifynavigationTabHome" time="10.280" classname="com.learning.maven.myatosSyntel.HomeTest"/>
</testsuite> <!-- com.learning.maven.myatosSyntel.HomeTest -->
