<?xml version="1.0" encoding="UTF-8"?>
<!-- Generated by org.testng.reporters.JUnitReportReporter -->
<testsuite skipped="0" hostname="SYNPS4160161" name="com.learning.maven.myatosSyntel.MySyntelScript" tests="1" failures="0" timestamp="31 Jan 2019 15:19:21 GMT" time="17.719" errors="0">
  <testcase name="Execution" time="17.719" classname="com.learning.maven.myatosSyntel.MySyntelScript"/>
</testsuite> <!-- com.learning.maven.myatosSyntel.MySyntelScript -->
